0 info it worked if it ends with ok
1 verbose cli [ 'C:\\Program Files (x86)\\Microsoft Visual Studio 14.0\\Web\\External\\node.exe',
1 verbose cli   'C:\\Program Files (x86)\\Microsoft Visual Studio 14.0\\Web\\External\\node_modules\\npm\\bin\\npm-cli.js',
1 verbose cli   'install' ]
2 info using npm@3.3.4
3 info using node@v5.4.1
4 silly loadCurrentTree Starting
5 silly install loadCurrentTree
6 silly install readLocalPackageData
7 silly install normalizeTree
8 silly loadCurrentTree Finishing
9 silly loadIdealTree Starting
10 silly install loadIdealTree
11 silly cloneCurrentTree Starting
12 silly install cloneCurrentTreeToIdealTree
13 silly cloneCurrentTree Finishing
14 silly loadShrinkwrap Starting
15 silly install loadShrinkwrap
16 silly loadShrinkwrap Finishing
17 silly loadAllDepsIntoIdealTree Starting
18 silly install loadAllDepsIntoIdealTree
19 silly loadAllDepsIntoIdealTree Finishing
20 silly idealTree:prePrune template-client@1.0.0
21 silly loadIdealTree Finishing
22 silly currentTree template-client@1.0.0
23 silly idealTree template-client@1.0.0
24 silly generateActionsToTake Starting
25 silly install generateActionsToTake
26 silly generateActionsToTake Finishing
27 silly diffTrees action count 0
28 silly decomposeActions action count 0
29 silly executeActions Starting
30 silly install executeActions
31 silly doSerial global-install 0
32 silly doParallel fetch 0
33 verbose lock using C:\Users\chogan\AppData\Roaming\npm-cache\_locks\staging-dfd5729d2830cdb8.lock for C:\DevP\Experiments\Angular1.5\Template\TemplateClient\node_modules\.staging
34 silly doParallel extract 0
35 silly doParallel preinstall 0
36 silly doReverseSerial remove 0
37 silly doSerial move 0
38 silly doSerial finalize 0
39 silly doSerial build 0
40 silly doSerial global-link 0
41 silly doParallel update-linked 0
42 silly doSerial install 0
43 silly doSerial postinstall 0
44 verbose unlock done using C:\Users\chogan\AppData\Roaming\npm-cache\_locks\staging-dfd5729d2830cdb8.lock for C:\DevP\Experiments\Angular1.5\Template\TemplateClient\node_modules\.staging
45 silly executeActions Finishing
46 silly rollbackFailedOptional Starting
47 silly rollbackFailedOptional Finishing
48 silly runTopLevelLifecycles Starting
49 silly install runTopLevelLifecycles
50 silly preinstall template-client C:\DevP\Experiments\Angular1.5\Template\TemplateClient\template-client-db9084e3f8db98997b6f37778fc8233c
51 info lifecycle template-client@1.0.0~preinstall: template-client@1.0.0
52 silly lifecycle template-client@1.0.0~preinstall: no script for preinstall, continuing
53 silly build template-client
54 info linkStuff template-client@1.0.0
55 silly linkStuff template-client@1.0.0 has C:\DevP\Experiments\Angular1.5\Template as its parent node_modules
56 verbose linkBins template-client@1.0.0
57 verbose linkMans template-client@1.0.0
58 verbose rebuildBundles template-client@1.0.0
59 verbose rebuildBundles []
60 silly install template-client C:\DevP\Experiments\Angular1.5\Template\TemplateClient\template-client-db9084e3f8db98997b6f37778fc8233c
61 info lifecycle template-client@1.0.0~install: template-client@1.0.0
62 silly lifecycle template-client@1.0.0~install: no script for install, continuing
63 silly postinstall template-client C:\DevP\Experiments\Angular1.5\Template\TemplateClient\template-client-db9084e3f8db98997b6f37778fc8233c
64 info lifecycle template-client@1.0.0~postinstall: template-client@1.0.0
65 verbose lifecycle template-client@1.0.0~postinstall: unsafe-perm in lifecycle true
66 verbose lifecycle template-client@1.0.0~postinstall: PATH: C:\Program Files (x86)\Microsoft Visual Studio 14.0\Web\External\node_modules\npm\bin\node-gyp-bin;C:\DevP\Experiments\Angular1.5\Template\TemplateClient\node_modules\.bin;.\node_modules\.bin;C:\Program Files (x86)\Microsoft Visual Studio 14.0\Web\External;C:\Program Files (x86)\Microsoft Visual Studio 14.0\Web\External\git
67 verbose lifecycle template-client@1.0.0~postinstall: CWD: C:\DevP\Experiments\Angular1.5\Template\TemplateClient
68 silly lifecycle template-client@1.0.0~postinstall: Args: [ '/d /s /c', 'typings install' ]
69 silly lifecycle template-client@1.0.0~postinstall: Returned: code: 1  signal: null
70 info lifecycle template-client@1.0.0~postinstall: Failed to exec postinstall script
71 warn EPACKAGEJSON template-client@1.0.0 No repository field.
72 verbose stack Error: template-client@1.0.0 postinstall: `typings install`
72 verbose stack Exit status 1
72 verbose stack     at EventEmitter.<anonymous> (C:\Program Files (x86)\Microsoft Visual Studio 14.0\Web\External\node_modules\npm\lib\utils\lifecycle.js:233:16)
72 verbose stack     at emitTwo (events.js:87:13)
72 verbose stack     at EventEmitter.emit (events.js:172:7)
72 verbose stack     at ChildProcess.<anonymous> (C:\Program Files (x86)\Microsoft Visual Studio 14.0\Web\External\node_modules\npm\lib\utils\spawn.js:24:14)
72 verbose stack     at emitTwo (events.js:87:13)
72 verbose stack     at ChildProcess.emit (events.js:172:7)
72 verbose stack     at maybeClose (internal/child_process.js:821:16)
72 verbose stack     at Process.ChildProcess._handle.onexit (internal/child_process.js:211:5)
73 verbose pkgid template-client@1.0.0
74 verbose cwd C:\DevP\Experiments\Angular1.5\Template\TemplateClient
75 error Windows_NT 6.1.7601
76 error argv "C:\\Program Files (x86)\\Microsoft Visual Studio 14.0\\Web\\External\\node.exe" "C:\\Program Files (x86)\\Microsoft Visual Studio 14.0\\Web\\External\\node_modules\\npm\\bin\\npm-cli.js" "install"
77 error node v5.4.1
78 error npm  v3.3.4
79 error code ELIFECYCLE
80 error template-client@1.0.0 postinstall: `typings install`
80 error Exit status 1
81 error Failed at the template-client@1.0.0 postinstall script 'typings install'.
81 error This is most likely a problem with the template-client package,
81 error not with npm itself.
81 error Tell the author that this fails on your system:
81 error     typings install
81 error You can get their info via:
81 error     npm owner ls template-client
81 error There is likely additional logging output above.
82 verbose exit [ 1, true ]
